315772899 315772899 ss 2018-12-02 16:00:53.446193
315772899 315772899 aqwe 2018-12-02 16:05:33.026209
315772899 315772899 asdasww 2018-12-02 16:05:42.738114
-1001450381106 315772899 ff 2018-12-02 16:44:14.207342
315772899 315772899 /help 2018-12-02 17:07:38.251365
-1001450381106 315772899 /help 2018-12-02 17:07:44.636212
-1001450381106 315772899 /help 2018-12-02 17:34:05.291078
315772899 315772899 /help 2018-12-02 17:34:19.463757
-1001450381106 315772899 /help 2018-12-02 17:40:30.391661
-1001450381106 315772899 /help 2018-12-02 17:44:04.163957
315772899 315772899 /help 2018-12-02 17:44:18.251500
-1001450381106 315772899 /help 2018-12-02 17:44:51.933995
-1001450381106 315772899 /help 2018-12-02 17:45:40.274111
-1001450381106 315772899 /help 2018-12-02 17:45:55.528232
-1001450381106 315772899 /help 2018-12-02 17:47:00.123807
-1001450381106 315772899 /help 2018-12-02 17:54:54.183600
-1001450381106 315772899 /help 2018-12-02 19:26:03.530048
-1001450381106 315772899 /help 2018-12-02 19:26:34.394346
-1001450381106 315772899 /help 2018-12-02 19:26:40.142763
-1001450381106 315772899 /help 2018-12-02 19:36:20.588606
