315772899 315772899 /help 2018-12-03 14:48:45.788937
315772899 315772899 /help 2018-12-03 14:49:27.986089
-1001450381106 315772899 ww 2018-12-03 14:53:49.012706
-1001450381106 315772899 qwe 2018-12-03 14:54:43.472760
-1001450381106 315772899 ss 2018-12-03 14:54:59.370172
-1001450381106 315772899 /help 2018-12-03 14:55:44.307162
315772899 315772899 /help 2018-12-03 14:56:04.960858
315772899 315772899 /help 2018-12-03 14:56:12.966971
-1001450381106 315772899 /help 2018-12-03 14:56:41.898579
-1001450381106 315772899 /help 2018-12-03 14:56:42.041414
-1001450381106 315772899 ww 2018-12-03 15:38:09.151455
-1001450381106 315772899 sss 2018-12-03 15:41:53.319653
-1001450381106 315772899 www 2018-12-03 15:42:18.269263
-1001450381106 315772899 sss 2018-12-03 15:43:55.552851
-1001450381106 315772899 ww 2018-12-03 15:44:46.063026
-1001450381106 315772899 ss 2018-12-03 15:46:59.732411
-1001450381106 315772899 ss 2018-12-03 15:48:00.102002
-1001450381106 315772899 ww 2018-12-03 15:49:12.736599
-1001450381106 315772899 ww 2018-12-03 15:49:37.399784
-1001450381106 315772899 ww 2018-12-03 15:51:08.408305
-1001450381106 315772899 q 2018-12-03 15:51:31.977088
-1001450381106 315772899 q 2018-12-03 15:51:52.098010
-1001450381106 315772899 qqq 2018-12-03 15:52:03.947985
-1001450381106 315772899 wq 2018-12-03 15:53:32.949014
-1001450381106 315772899 e 2018-12-03 15:54:16.726727
-1001450381106 315772899 w 2018-12-03 15:54:44.367321
-1001450381106 315772899 w 2018-12-03 15:56:31.694348
-1001450381106 315772899 ww 2018-12-03 15:56:40.046011
-1001450381106 315772899 w 2018-12-03 15:57:09.012958
-1001450381106 315772899 w 2018-12-03 15:58:28.154816
-1001450381106 315772899 q 2018-12-03 15:59:00.623056
-1001450381106 315772899 w 2018-12-03 15:59:17.365792
-1001450381106 315772899 w 2018-12-03 15:59:44.304962
-1001450381106 315772899 w 2018-12-03 16:00:02.384352
-1001450381106 315772899 w 2018-12-03 16:00:47.772328
-1001450381106 315772899 w 2018-12-03 16:01:52.075685
-1001450381106 315772899 qq 2018-12-03 16:02:22.600105
-1001450381106 315772899 w 2018-12-03 16:03:04.406294
-1001450381106 315772899 w 2018-12-03 16:04:00.689483
-1001450381106 315772899 qq 2018-12-03 16:04:23.410542
-1001450381106 315772899 qqqq 2018-12-03 16:04:30.263387
-1001450381106 315772899 qqqqq 2018-12-03 16:04:40.605655
-1001450381106 315772899 qq 2018-12-03 16:07:50.183704
-1001450381106 315772899 ww 2018-12-03 16:08:51.281765
-1001450381106 315772899 ww 2018-12-03 16:09:19.536248
-1001450381106 315772899 www 2018-12-03 16:11:39.948473
-1001450381106 315772899 ww 2018-12-03 16:13:22.596438
-1001450381106 315772899 ww 2018-12-03 16:13:25.567762
-1001450381106 315772899 w 2018-12-03 16:14:00.807627
-1001450381106 315772899 w 2018-12-03 16:14:04.170631
-1001450381106 315772899 q 2018-12-03 16:16:46.027335
-1001450381106 315772899 w 2018-12-03 16:17:13.341926
-1001450381106 315772899 q 2018-12-03 16:18:21.746756
-1001450381106 315772899 q 2018-12-03 16:18:38.555901
-1001450381106 315772899 q 2018-12-03 16:18:48.299963
-1001450381106 315772899 q 2018-12-03 16:18:48.934408
-1001450381106 315772899 q 2018-12-03 16:18:49.338326
-1001450381106 315772899 q 2018-12-03 16:18:49.717763
-1001450381106 315772899 w 2018-12-03 16:21:22.050718
-1001450381106 315772899 w 2018-12-03 16:21:46.046078
-1001450381106 315772899 q 2018-12-03 16:21:53.354412
-1001450381106 315772899 w 2018-12-03 16:22:41.464067
-1001450381106 315772899 w 2018-12-03 16:24:00.800196
-1001450381106 315772899 w 2018-12-03 16:24:11.832899
-1001450381106 315772899 w 2018-12-03 16:24:47.500704
-1001450381106 315772899 w 2018-12-03 16:25:08.406806
-1001450381106 315772899 wq 2018-12-03 16:25:42.899998
-1001450381106 315772899 w 2018-12-03 16:26:12.776828
-1001450381106 315772899 s 2018-12-03 16:26:42.360828
-1001450381106 315772899 ww 2018-12-03 21:43:47.421776
-1001450381106 315772899 ww 2018-12-03 21:44:27.709522
-1001450381106 315772899 ww 2018-12-03 21:45:43.837526
-1001450381106 315772899 ww 2018-12-03 21:46:48.062051
-1001450381106 315772899 q 2018-12-03 21:48:05.361651
-1001450381106 315772899 q 2018-12-03 21:48:13.225964
-1001450381106 315772899 q 2018-12-03 21:48:13.452044
-1001450381106 315772899 q 2018-12-03 21:48:13.591970
-1001450381106 315772899 q 2018-12-03 21:48:13.856249
-1001450381106 315772899 ww 2018-12-03 21:49:43.876531
-1001450381106 315772899 ww 2018-12-03 21:49:46.539641
-1001450381106 315772899 ww 2018-12-03 21:51:18.675097
-1001450381106 315772899 w 2018-12-03 21:52:24.275585
-1001450381106 315772899 w 2018-12-03 21:52:26.864964
-1001450381106 315772899 w 2018-12-03 21:52:28.353368
-1001450381106 315772899 w 2018-12-03 21:52:29.423931
-1001450381106 315772899 w 2018-12-03 21:52:32.360666
-1001450381106 315772899 w 2018-12-03 21:56:44.232345
-1001450381106 315772899 w 2018-12-03 21:56:48.478990
-1001450381106 315772899 w 2018-12-03 21:56:49.286368
-1001450381106 315772899 w 2018-12-03 21:56:49.977931
-1001450381106 315772899 w 2018-12-03 21:56:50.712309
-1001450381106 315772899 w 2018-12-03 21:56:51.289162
-1001450381106 315772899 w 2018-12-03 21:56:52.414364
-1001450381106 315772899 w 2018-12-03 21:56:52.851092
-1001450381106 315772899 w 2018-12-03 21:56:53.093753
-1001450381106 315772899 w 2018-12-03 21:56:53.333278
-1001450381106 315772899 w 2018-12-03 21:56:53.512840
-1001450381106 315772899 w 2018-12-03 21:56:53.677192
-1001450381106 315772899 w 2018-12-03 21:56:54.029327
-1001450381106 315772899 w 2018-12-03 21:56:54.187815
-1001450381106 315772899 w 2018-12-03 21:56:54.358101
-1001450381106 315772899 w 2018-12-03 21:56:54.529289
-1001450381106 315772899 w 2018-12-03 21:56:54.678183
-1001450381106 315772899 w 2018-12-03 21:56:54.858134
-1001450381106 315772899 w 2018-12-03 21:56:55.019706
-1001450381106 315772899 w 2018-12-03 21:56:55.188933
-1001450381106 315772899 w 2018-12-03 21:56:55.292801
-1001450381106 315772899 w 2018-12-03 21:56:55.468926
-1001450381106 315772899 w 2018-12-03 21:56:55.626527
-1001450381106 315772899 w 2018-12-03 21:56:55.787607
-1001450381106 315772899 w 2018-12-03 21:56:56.082654
-1001450381106 315772899 w 2018-12-03 21:56:56.236140
-1001450381106 315772899 w 2018-12-03 21:56:56.400700
-1001450381106 315772899 w 2018-12-03 21:56:56.553923
-1001450381106 315772899 w 2018-12-03 21:56:56.715475
-1001450381106 315772899 w 2018-12-03 21:56:56.888012
-1001450381106 315772899 w 2018-12-03 21:56:57.036917
-1001450381106 315772899 w 2018-12-03 21:56:57.200783
-1001450381106 315772899 w 2018-12-03 21:56:57.361355
-1001450381106 315772899 w 2018-12-03 21:56:57.520425
-1001450381106 315772899 w 2018-12-03 21:56:57.682183
-1001450381106 315772899 w 2018-12-03 21:56:57.842986
-1001450381106 315772899 ww 2018-12-03 21:56:58.205171
-1001450381106 315772899 w 2018-12-03 21:56:58.479172
-1001450381106 315772899 q'eqw 2018-12-03 21:56:58.845314
-1001450381106 315772899 e'qw 2018-12-03 21:56:59.020363
-1001450381106 315772899 eq'we' 2018-12-03 21:56:59.381398
-1001450381106 315772899 qwe'qw 2018-12-03 21:56:59.616833
-1001450381106 315772899 eq 2018-12-03 21:56:59.851011
-1001450381106 315772899 we'wq 2018-12-03 21:57:00.126257
-1001450381106 315772899 eq 2018-12-03 21:57:00.361647
-1001450381106 315772899 weqweqw 2018-12-03 21:57:00.854332
-1001450381106 315772899 eqw 2018-12-03 21:57:01.202344
-1001450381106 315772899 ew 2018-12-03 21:57:01.376643
-1001450381106 315772899 eq 2018-12-03 21:57:01.554869
-1001450381106 315772899 w 2018-12-03 21:57:01.727491
-1001450381106 315772899 e 2018-12-03 21:57:01.980705
-1001450381106 315772899 qw 2018-12-03 21:57:02.154493
-1001450381106 315772899 eqwe 2018-12-03 21:57:02.399904
-1001450381106 315772899 qw 2018-12-03 21:57:02.589483
-1001450381106 315772899 e 2018-12-03 21:57:02.706171
-1001450381106 315772899 q 2018-12-03 21:57:02.766014
-1001450381106 315772899 wewqewqeqw 2018-12-03 21:57:03.587660
-1001450381106 315772899 eqw 2018-12-03 21:57:03.755117
-1001450381106 315772899 eqweqweq 2018-12-03 21:57:04.383408
-1001450381106 315772899 weqweqw 2018-12-03 21:57:04.940606
-1001450381106 315772899 e 2018-12-03 21:57:05.050312
-1001450381106 315772899 q 2018-12-03 21:57:05.135085
-1001450381106 315772899 e 2018-12-03 21:57:05.861144
-1001450381106 315772899 qw 2018-12-03 21:57:06.040665
-1001450381106 315772899 e 2018-12-03 21:57:06.128434
-1001450381106 315772899 q 2018-12-03 21:57:06.187272
-1001450381106 315772899 w 2018-12-03 21:57:06.303960
-1001450381106 315772899 e 2018-12-03 21:57:06.396712
-1001450381106 315772899 q 2018-12-03 21:57:06.508412
-1001450381106 315772899 weq 2018-12-03 21:57:06.693956
-1001450381106 315772899 e 2018-12-03 21:57:06.886440
-1001450381106 315772899 qweq 2018-12-03 21:57:07.220234
-1001450381106 315772899 eqw 2018-12-03 21:57:07.594234
-1001450381106 315772899 eq 2018-12-03 21:57:07.786718
-1001450381106 315772899 we 2018-12-03 21:57:07.978220
-1001450381106 315772899 qwe 2018-12-03 21:57:08.170692
-1001450381106 315772899 q 2018-12-03 21:57:08.338244
-1001450381106 315772899 weqw 2018-12-03 21:57:08.740554
-1001450381106 315772899 q 2018-12-03 21:57:08.872442
-1001450381106 315772899 w 2018-12-03 21:57:08.932116
-1001450381106 315772899 e 2018-12-03 21:57:09.074067
-1001450381106 315772899 eqw 2018-12-03 21:57:09.307325
-1001450381106 315772899 e 2018-12-03 21:57:09.395090
-1001450381106 315772899 qw 2018-12-03 21:57:09.500808
-1001450381106 315772899 eq 2018-12-03 21:57:09.664370
-1001450381106 315772899 wew 2018-12-03 21:57:09.934352
-1001450381106 315772899 qe 2018-12-03 21:57:10.134935
-1001450381106 315772899 qwe 2018-12-03 21:57:10.366742
-1001450381106 315772899 q 2018-12-03 21:57:10.484016
-1001450381106 315772899 w 2018-12-03 21:57:10.558930
-1001450381106 315772899 eq 2018-12-03 21:57:10.765279
-1001450381106 315772899 eq 2018-12-03 21:57:10.967142
-1001450381106 315772899 weq 2018-12-03 21:57:11.168843
-1001450381106 315772899 we 2018-12-03 21:57:11.378674
-1001450381106 315772899 qwe 2018-12-03 21:57:11.602315
-1001450381106 315772899 wq 2018-12-03 21:57:11.807410
-1001450381106 315772899 eqweq 2018-12-03 21:57:12.201540
-1001450381106 315772899 weq 2018-12-03 21:57:12.416820
-1001450381106 315772899 weq 2018-12-03 21:57:12.629313
-1001450381106 315772899 gg 2018-12-04 09:20:58.435124
